<?xml version="1.0" encoding="utf-8"?><testsuites name="pytest tests"><testsuite name="pytest" errors="0" failures="0" skipped="0" tests="7" time="9.988" timestamp="2026-09-08T22:31:15.506749-07:00" hostname="Ryan-PC"><testcase classname="tests.test_phase4_av5m4b7_lifetime" name="test_cancel_during_popen_handoff_retains_then_cleans_original_session" time="0.289" /><testcase classname="tests.test_phase4_av5m4b7_lifetime" name="test_launch_failure_after_cancel_releases_without_untracked_child" time="0.243" /><testcase classname="tests.test_phase4_av5m4b7_lifetime" name="test_originating_helper_succeeds_foreign_helper_refuses" time="4.186" /><testcase classname="tests.test_phase4_av5m4b7_lifetime" name="test_lease_helper_validates_dest_without_parent_realpath" time="0.546" /><testcase classname="tests.library_work_astra.test_phase4_aw11_start_cancel_acceptance" name="test_cancelled_start_does_not_leave_a_live_unretained_child" time="0.074" /><testcase classname="tests.library_work_astra.test_phase4_aw11_foreign_helper_acceptance" name="test_foreign_thread_cannot_adopt_current_mirror_session[put]" time="2.171" /><testcase classname="tests.library_work_astra.test_phase4_aw11_foreign_helper_acceptance" name="test_foreign_thread_cannot_adopt_current_mirror_session[unlink]" time="2.169" /></testsuite></testsuites>