<?xml version="1.0" encoding="utf-8"?><testsuites name="pytest tests"><testsuite name="pytest" errors="0" failures="1" skipped="0" tests="317" time="47.592" timestamp="2026-09-11T10:31:42.356680-07:00" hostname="Ryan-PC"><testcase classname="tests.test_dashboard_sources_ui" name="test_sources_ui_contains_standing_subscription_panel" time="0.001" /><testcase classname="tests.test_dashboard_sources_ui" name="test_sources_ui_contains_consent_confirmation_modal" time="0.000" /><testcase classname="tests.test_dashboard_sources_ui" name="test_sources_ui_contains_source_registration_form" time="0.000" /><testcase classname="tests.test_dashboard_sources_ui" name="test_js_contains_standing_subscription_functions" time="0.001" /><testcase classname="tests.test_dashboard_sources_ui" name="test_js_uses_contract_tool_names_and_intent_endpoint" time="0.001" /><testcase classname="tests.test_dashboard_sources_ui" name="test_subscription_card_renders_default_off_state" time="0.001" /><testcase classname="tests.test_dashboard_sources_ui" name="test_pending_enrollment_renders_pending_notice" time="0.001" /><testcase classname="tests.test_dashboard_sources_ui" name="test_back_catalog_meter_shows_25_item_cap_boundary" time="0.001" /><testcase classname="tests.test_dashboard_sources_ui" name="test_daily_allowance_meter_reflects_utc_day_budget" time="0.001" /><testcase classname="tests.test_dashboard_sources_ui" name="test_daily_cap_exhaustion_locks_queue_and_shows_countdown" time="0.001" /><testcase classname="tests.test_dashboard_sources_ui" name="test_legacy_accounting_hold_displays_badge_and_notice" time="0.001" /><testcase classname="tests.test_dashboard_sources_ui" name="test_opt_out_renders_draining_in_flight_state" time="0.001" /><testcase classname="tests.test_dashboard_sources_ui" name="test_in_flight_box_renders_active_items_and_activity_link" time="0.001" /><testcase classname="tests.test_dashboard_sources_ui" name="test_unreachable_feed_renders_degraded_pill_and_backoff_notice" time="0.001" /><testcase classname="tests.test_dashboard_sources_ui" name="test_xss_in_feed_metadata_escaped" time="0.001" /><testcase classname="tests.test_dashboard_sources_ui" name="test_stale_revision_or_confirmation_recovers_and_refreshes" time="0.001" /><testcase classname="tests.test_dashboard_sources_ui" name="test_dom_clobbering_resistance" time="0.000" /><testcase classname="tests.test_dashboard_sources_ui" name="test_mock_utc_clock_behavior" time="0.004" /><testcase classname="tests.test_dashboard_sources_api.TestRegistryInputSchemas" name="test_list_sources_schema_valid_and_invalid" time="0.000" /><testcase classname="tests.test_dashboard_sources_api.TestRegistryInputSchemas" name="test_register_source_schema_valid_and_invalid" time="0.000" /><testcase classname="tests.test_dashboard_sources_api.TestRegistryInputSchemas" name="test_source_status_schema_valid_and_invalid" time="0.000" /><testcase classname="tests.test_dashboard_sources_api.TestRegistryInputSchemas" name="test_set_source_consent_schema_two_step_rules" time="0.001" /><testcase classname="tests.test_dashboard_sources_api.TestRegistryInputSchemas" name="test_consent_intent_operation_schema" time="0.000" /><testcase classname="tests.test_dashboard_sources_api.TestContractPayloadShapes" name="test_source_summary_mandatory_fields" time="0.000" /><testcase classname="tests.test_dashboard_sources_api.TestContractPayloadShapes" name="test_enrollment_mandatory_fields" time="0.000" /><testcase classname="tests.test_dashboard_sources_api.TestContractPayloadShapes" name="test_allowance_mandatory_fields" time="0.000" /><testcase classname="tests.test_dashboard_sources_api.TestContractPayloadShapes" name="test_detection_mandatory_fields" time="0.000" /><testcase classname="tests.test_dashboard_sources_api.TestSourceSubscriptionsEndpointsIntegration" name="test_service_list_sources" time="0.000" /><testcase classname="tests.test_dashboard_sources_api.TestSourceSubscriptionsEndpointsIntegration" name="test_service_register_source" time="0.000" /><testcase classname="tests.test_dashboard_sources_api.TestSourceSubscriptionsEndpointsIntegration" name="test_service_source_status" time="0.000" /><testcase classname="tests.test_dashboard_sources_api.TestSourceSubscriptionsEndpointsIntegration" name="test_service_consent_intent_flow" time="0.000" /><testcase classname="tests.test_dashboard_browser_recovery_ux" name="test_api_summary_exposes_recovery_and_revision" time="0.076" /><testcase classname="tests.test_dashboard_browser_recovery_ux" name="test_api_does_not_leak_owner_tokens_or_private_instances" time="0.071" /><testcase classname="tests.test_dashboard_browser_recovery_ux" name="test_api_charge_and_state_invariance" time="0.078" /><testcase classname="tests.test_dashboard_browser_recovery_ux" name="test_ui_distinguishes_detection_health_from_capture_outcome" time="0.001" /><testcase classname="tests.test_dashboard_browser_recovery_ux" name="test_ui_exposes_recorded_consent_revision" time="0.001" /><testcase classname="tests.test_dashboard_browser_recovery_ux" name="test_ui_contains_current_item_recovery_box" time="0.001" /><testcase classname="tests.test_dashboard_browser_recovery_ux" name="test_ui_no_automatic_retry_action_added" time="0.001" /><testcase classname="tests.test_dashboard_browser_recovery_ux" name="test_adversarial_hostile_display_text_sanitized" time="0.000" /><testcase classname="tests.test_dashboard_capture_outcomes" name="test_uncertain_ledger_is_visibly_uncertain" time="0.125" /><testcase classname="tests.test_dashboard_capture_outcomes" name="test_unstarted_block_is_not_a_failed_capture" time="0.123" /><testcase classname="tests.test_dashboard_capture_outcomes" name="test_renderer_uses_latest_outcome_not_historical_count[idle-idle]" time="0.036" /><testcase classname="tests.test_dashboard_capture_outcomes" name="test_renderer_uses_latest_outcome_not_historical_count[released-reservation released]" time="0.036" /><testcase classname="tests.test_dashboard_capture_outcomes" name="test_renderer_uses_latest_outcome_not_historical_count[succeeded-completed]" time="0.035" /><testcase classname="tests.test_dashboard_capture_outcomes" name="test_renderer_uses_latest_outcome_not_historical_count[archived-archived]" time="0.035" /><testcase classname="tests.test_dashboard_capture_outcomes" name="test_renderer_uses_latest_outcome_not_historical_count[uncertain-uncertain]" time="0.035" /><testcase classname="tests.test_dashboard_capture_outcomes" name="test_renderer_uses_latest_outcome_not_historical_count[blocked-waiting]" time="0.036" /><testcase classname="tests.test_dashboard_capture_outcomes" name="test_renderer_uses_latest_outcome_not_historical_count[settled_failed-settled failed]" time="0.037" /><testcase classname="tests.test_dashboard_capture_outcomes" name="test_renderer_uses_latest_outcome_not_historical_count[in_flight-in-flight]" time="0.035" /><testcase classname="tests.test_dashboard_capture_outcomes" name="test_actual_renderer_escapes_recovery_fields" time="0.036" /><testcase classname="tests.test_dashboard_capture_outcomes" name="test_consent_off_does_not_hide_uncertain_drain" time="0.036" /><testcase classname="tests.test_source_subscriptions_registry" name="test_tool_manifest_matches_contract_document" time="0.001" /><testcase classname="tests.test_source_subscriptions_registry" name="test_envelope_fields_on_every_success_and_error" time="0.066" /><testcase classname="tests.test_source_subscriptions_registry" name="test_s19_adversarial_payloads_rejected_identically_on_service_and_mcp[register_source-args0]" time="0.077" /><testcase classname="tests.test_source_subscriptions_registry" name="test_s19_adversarial_payloads_rejected_identically_on_service_and_mcp[register_source-args1]" time="0.076" /><testcase classname="tests.test_source_subscriptions_registry" name="test_s19_adversarial_payloads_rejected_identically_on_service_and_mcp[register_source-args2]" time="0.076" /><testcase classname="tests.test_source_subscriptions_registry" name="test_s19_adversarial_payloads_rejected_identically_on_service_and_mcp[register_source-args3]" time="0.076" /><testcase classname="tests.test_source_subscriptions_registry" name="test_s19_adversarial_payloads_rejected_identically_on_service_and_mcp[register_source-args4]" time="0.075" /><testcase classname="tests.test_source_subscriptions_registry" name="test_s19_adversarial_payloads_rejected_identically_on_service_and_mcp[register_source-args5]" time="0.075" /><testcase classname="tests.test_source_subscriptions_registry" name="test_s19_adversarial_payloads_rejected_identically_on_service_and_mcp[register_source-args6]" time="0.077" /><testcase classname="tests.test_source_subscriptions_registry" name="test_s19_adversarial_payloads_rejected_identically_on_service_and_mcp[register_source-args7]" time="0.081" /><testcase classname="tests.test_source_subscriptions_registry" name="test_s19_adversarial_payloads_rejected_identically_on_service_and_mcp[register_source-args8]" time="0.074" /><testcase classname="tests.test_source_subscriptions_registry" name="test_s19_adversarial_payloads_rejected_identically_on_service_and_mcp[register_source-args9]" time="0.076" /><testcase classname="tests.test_source_subscriptions_registry" name="test_s19_adversarial_payloads_rejected_identically_on_service_and_mcp[register_source-args10]" time="0.076" /><testcase classname="tests.test_source_subscriptions_registry" name="test_s19_adversarial_payloads_rejected_identically_on_service_and_mcp[list_sources-args11]" time="0.076" /><testcase classname="tests.test_source_subscriptions_registry" name="test_s19_adversarial_payloads_rejected_identically_on_service_and_mcp[list_sources-args12]" time="0.077" /><testcase classname="tests.test_source_subscriptions_registry" name="test_s19_adversarial_payloads_rejected_identically_on_service_and_mcp[list_sources-args13]" time="0.076" /><testcase classname="tests.test_source_subscriptions_registry" name="test_s19_adversarial_payloads_rejected_identically_on_service_and_mcp[list_sources-args14]" time="0.077" /><testcase classname="tests.test_source_subscriptions_registry" name="test_s19_adversarial_payloads_rejected_identically_on_service_and_mcp[list_sources-args15]" time="0.077" /><testcase classname="tests.test_source_subscriptions_registry" name="test_s19_adversarial_payloads_rejected_identically_on_service_and_mcp[source_status-args16]" time="0.078" /><testcase classname="tests.test_source_subscriptions_registry" name="test_s19_adversarial_payloads_rejected_identically_on_service_and_mcp[source_status-args17]" time="0.076" /><testcase classname="tests.test_source_subscriptions_registry" name="test_s19_adversarial_payloads_rejected_identically_on_service_and_mcp[source_status-args18]" time="0.075" /><testcase classname="tests.test_source_subscriptions_registry" name="test_s19_adversarial_payloads_rejected_identically_on_service_and_mcp[source_status-args19]" time="0.076" /><testcase classname="tests.test_source_subscriptions_registry" name="test_s19_adversarial_payloads_rejected_identically_on_service_and_mcp[set_source_consent-args20]" time="0.077" /><testcase classname="tests.test_source_subscriptions_registry" name="test_s19_adversarial_payloads_rejected_identically_on_service_and_mcp[set_source_consent-args21]" time="0.077" /><testcase classname="tests.test_source_subscriptions_registry" name="test_s19_adversarial_payloads_rejected_identically_on_service_and_mcp[set_source_consent-args22]" time="0.077" /><testcase classname="tests.test_source_subscriptions_registry" name="test_s19_adversarial_payloads_rejected_identically_on_service_and_mcp[set_source_consent-args23]" time="0.077" /><testcase classname="tests.test_source_subscriptions_registry" name="test_s19_adversarial_payloads_rejected_identically_on_service_and_mcp[set_source_consent-args24]" time="0.076" /><testcase classname="tests.test_source_subscriptions_registry" name="test_s19_adversarial_payloads_rejected_identically_on_service_and_mcp[set_source_consent-args25]" time="0.076" /><testcase classname="tests.test_source_subscriptions_registry" name="test_s19_strict_json_decoder_rejects_duplicates_nan_depth_and_size" time="0.077" /><testcase classname="tests.test_source_subscriptions_registry" name="test_s19_malicious_urls_create_no_row_and_no_network[podcast_rss-http://127.0.0.1/feed.xml]" time="0.077" /><testcase classname="tests.test_source_subscriptions_registry" name="test_s19_malicious_urls_create_no_row_and_no_network[podcast_rss-http://[::1]/feed.xml]" time="0.077" /><testcase classname="tests.test_source_subscriptions_registry" name="test_s19_malicious_urls_create_no_row_and_no_network[podcast_rss-http://169.254.169.254/latest/meta-data/]" time="0.076" /><testcase classname="tests.test_source_subscriptions_registry" name="test_s19_malicious_urls_create_no_row_and_no_network[podcast_rss-http://10.0.0.5/feed.xml]" time="0.077" /><testcase classname="tests.test_source_subscriptions_registry" name="test_s19_malicious_urls_create_no_row_and_no_network[podcast_rss-http://192.168.1.1/feed.xml]" time="0.077" /><testcase classname="tests.test_source_subscriptions_registry" name="test_s19_malicious_urls_create_no_row_and_no_network[podcast_rss-http://localhost:5179/feed.xml]" time="0.077" /><testcase classname="tests.test_source_subscriptions_registry" name="test_s19_malicious_urls_create_no_row_and_no_network[podcast_rss-https://user:pw@show.example/feed.xml]" time="0.077" /><testcase classname="tests.test_source_subscriptions_registry" name="test_s19_malicious_urls_create_no_row_and_no_network[podcast_rss-https://show.example/feed.xml#frag]" time="0.079" /><testcase classname="tests.test_source_subscriptions_registry" name="test_s19_malicious_urls_create_no_row_and_no_network[podcast_rss-ftp://show.example/feed.xml]" time="0.075" /><testcase classname="tests.test_source_subscriptions_registry" name="test_s19_malicious_urls_create_no_row_and_no_network[podcast_rss-javascript:alert(1)]" time="0.073" /><testcase classname="tests.test_source_subscriptions_registry" name="test_s19_malicious_urls_create_no_row_and_no_network[podcast_rss-file:///etc/passwd]" time="0.075" /><testcase classname="tests.test_source_subscriptions_registry" name="test_s19_malicious_urls_create_no_row_and_no_network[podcast_rss-show.example/feed.xml]" time="0.075" /><testcase classname="tests.test_source_subscriptions_registry" name="test_s19_malicious_urls_create_no_row_and_no_network[podcast_rss-https://show.example/feed\x00.xml]" time="0.076" /><testcase classname="tests.test_source_subscriptions_registry" name="test_s19_malicious_urls_create_no_row_and_no_network[podcast_rss-https://show.example/feed\n.xml]" time="0.077" /><testcase classname="tests.test_source_subscriptions_registry" name="test_s19_malicious_urls_create_no_row_and_no_network[youtube_channel-https://www.youtube.com/@handle]" time="0.076" /><testcase classname="tests.test_source_subscriptions_registry" name="test_s19_malicious_urls_create_no_row_and_no_network[youtube_channel-https://www.youtube.com/user/legacy]" time="0.074" /><testcase classname="tests.test_source_subscriptions_registry" name="test_s19_malicious_urls_create_no_row_and_no_network[youtube_channel-https://www.youtube.com/c/custom]" time="0.075" /><testcase classname="tests.test_source_subscriptions_registry" name="test_s19_malicious_urls_create_no_row_and_no_network[youtube_channel-https://www.youtube.com/channel/UCshort]" time="0.076" /><testcase classname="tests.test_source_subscriptions_registry" name="test_s19_malicious_urls_create_no_row_and_no_network[youtube_channel-https://www.youtube.com/channel/HCaaaaaaaaaaaaaaaaaaaaaa]" time="0.075" /><testcase classname="tests.test_source_subscriptions_registry" name="test_s19_malicious_urls_create_no_row_and_no_network[youtube_channel-https://www.youtube.com/feeds/videos.xml?channel_id=UCaaaaaaaaaaaaaaaaaaaaaa&amp;channel_id=UCaaaaaaaaaaaaaaaaaaaaaa]" time="0.076" /><testcase classname="tests.test_source_subscriptions_registry" name="test_s19_malicious_urls_create_no_row_and_no_network[youtube_channel-https://www.youtube.com/feeds/videos.xml?channel_id=UCaaaaaaaaaaaaaaaaaaaaaa&amp;playlist_id=PLbbbbbbbbbbbbbbbbbbbbbbbbbbbbbbbb]" time="0.076" /><testcase classname="tests.test_source_subscriptions_registry" name="test_s19_malicious_urls_create_no_row_and_no_network[youtube_channel-https://evil.example/channel/UCaaaaaaaaaaaaaaaaaaaaaa]" time="0.076" /><testcase classname="tests.test_source_subscriptions_registry" name="test_s19_malicious_urls_create_no_row_and_no_network[youtube_channel-https://www.youtube.com.evil.example/channel/UCaaaaaaaaaaaaaaaaaaaaaa]" time="0.074" /><testcase classname="tests.test_source_subscriptions_registry" name="test_s19_malicious_urls_create_no_row_and_no_network[youtube_playlist-https://www.youtube.com/playlist?list=WL]" time="0.076" /><testcase classname="tests.test_source_subscriptions_registry" name="test_s19_malicious_urls_create_no_row_and_no_network[youtube_playlist-https://www.youtube.com/playlist?list=LL]" time="0.076" /><testcase classname="tests.test_source_subscriptions_registry" name="test_s19_malicious_urls_create_no_row_and_no_network[youtube_playlist-https://www.youtube.com/playlist?list=RDabcdef]" time="0.077" /><testcase classname="tests.test_source_subscriptions_registry" name="test_s19_malicious_urls_create_no_row_and_no_network[youtube_playlist-https://www.youtube.com/playlist?list=PLbbbbbbbbbbbbbbbbbbbbbbbbbbbbbbbb&amp;list=PLbbbbbbbbbbbbbbbbbbbbbbbbbbbbbbbb]" time="0.075" /><testcase classname="tests.test_source_subscriptions_registry" name="test_s19_malicious_urls_create_no_row_and_no_network[youtube_playlist-https://www.youtube.com/playlist?list=ppppppppppppppppppppppppppppppppppppppppppppppppppppppppppppppppppppppppppppppppppppppppppppppppppppppppppppppppppppppppppppppppppppppppppppppppppppppppppppppppppppppppppppppppppppppppppppppppppppppppp]" time="0.074" /><testcase classname="tests.test_source_subscriptions_registry" name="test_s19_malicious_urls_create_no_row_and_no_network[youtube_playlist-https://www.youtube.com/playlist?list=a]" time="0.075" /><testcase classname="tests.test_source_subscriptions_registry" name="test_s19_malicious_urls_create_no_row_and_no_network[youtube_playlist-https://www.youtube.com/playlist?list=bad list]" time="0.075" /><testcase classname="tests.test_source_subscriptions_registry" name="test_s19_malicious_urls_create_no_row_and_no_network[youtube_playlist-https://www.youtube.com/feeds/videos.xml?playlist_id=PLbbbbbbbbbbbbbbbbbbbbbbbbbbbbbbbb&amp;channel_id=UCaaaaaaaaaaaaaaaaaaaaaa]" time="0.074" /><testcase classname="tests.test_source_subscriptions_registry" name="test_s19_malicious_urls_create_no_row_and_no_network[youtube_playlist-https://www.youtube.com/playlist]" time="0.074" /><testcase classname="tests.test_source_subscriptions_registry" name="test_identity_is_stable_across_display_forms_and_duplicates_are_unchanged" time="0.080" /><testcase classname="tests.test_source_subscriptions_registry" name="test_capture_keys_and_corpus_identity_follow_the_contract" time="0.013" /><testcase classname="tests.test_source_subscriptions_registry" name="test_registry_callers_cannot_mint_or_forge_intent" time="0.079" /><testcase classname="tests.test_source_subscriptions_registry" name="test_token_binds_operation_session_source_and_expiry" time="0.082" /><testcase classname="tests.test_source_subscriptions_registry" name="test_stale_revision_and_stale_cursor_write_nothing_and_report_current" time="0.089" /><testcase classname="tests.test_source_subscriptions_registry" name="test_same_state_request_records_no_change_receipt" time="0.081" /><testcase classname="tests.test_source_subscriptions_registry" name="test_archived_source_refuses_consent_and_reads_stay_side_effect_free" time="0.077" /><testcase classname="tests.test_source_subscriptions_registry" name="test_keyset_pagination_binds_cursor_to_filters_and_source" time="0.083" /><testcase classname="tests.test_source_subscriptions_registry" name="test_item_records_never_leak_tokens_or_paths" time="0.082" /><testcase classname="tests.test_source_subscriptions_registry" name="test_mcp_registry_entries_route_to_the_same_service" time="0.076" /><testcase classname="tests.test_source_subscriptions_ledger" name="test_s04_consent_and_reservations_survive_restart_and_off_releases" time="0.106" /><testcase classname="tests.test_source_subscriptions_ledger" name="test_s05_off_before_start_wins_zero_dispatch" time="0.095" /><testcase classname="tests.test_source_subscriptions_ledger" name="test_s05_start_before_off_completes_visibly_and_cannot_retry_while_off" time="0.167" /><testcase classname="tests.test_source_subscriptions_ledger" name="test_s10_two_schedulers_race_the_tenth_slot" time="0.215" /><testcase classname="tests.test_source_subscriptions_ledger" name="test_s10_from_zero_through_exhaustion_counts_never_exceed_ten" time="0.167" /><testcase classname="tests.test_source_subscriptions_ledger" name="test_s11_preflight_releases_capacity_and_actual_failures_keep_their_slot" time="0.118" /><testcase classname="tests.test_source_subscriptions_ledger" name="test_s12_reservation_before_midnight_cannot_start_after_it" time="0.097" /><testcase classname="tests.test_source_subscriptions_ledger" name="test_s12_started_work_crosses_midnight_once_and_retry_charges_new_day" time="0.096" /><testcase classname="tests.test_source_subscriptions_ledger" name="test_s12_backwards_clock_cannot_reset_allowance_or_move_due_times" time="0.102" /><testcase classname="tests.test_source_subscriptions_ledger" name="test_s13_restart_after_reserve_after_start_and_during_execution" time="0.123" /><testcase classname="tests.test_source_subscriptions_ledger" name="test_s14_backend_binding_is_atomic_and_stale_owners_are_fenced" time="0.093" /><testcase classname="tests.test_source_subscriptions_ledger" name="test_s15_same_video_in_channel_and_playlists_charges_only_the_winner" time="0.139" /><testcase classname="tests.test_source_subscriptions_ledger" name="test_s15_manual_capture_links_without_a_standing_charge" time="0.094" /><testcase classname="tests.library_work_astra.test_phase3_acceptance3" name="test_as3_s16_publication_requires_artifact_and_clip_agreement[clip_word_substitution]" time="0.502" /><testcase classname="tests.library_work_astra.test_phase3_acceptance3" name="test_as3_s16_publication_requires_artifact_and_clip_agreement[clip_word_order]" time="0.428" /><testcase classname="tests.library_work_astra.test_phase3_acceptance3" name="test_as3_s16_publication_requires_artifact_and_clip_agreement[clip_interval]" time="0.441" /><testcase classname="tests.library_work_astra.test_phase3_acceptance3" name="test_as3_s16_publication_requires_artifact_and_clip_agreement[sidecar_text]" time="0.452" /><testcase classname="tests.library_work_astra.test_phase3_acceptance3" name="test_as3_s16_publication_requires_artifact_and_clip_agreement[sidecar_timing]" time="0.441" /><testcase classname="tests.library_work_astra.test_phase3_acceptance3" name="test_as3_s16_publication_requires_artifact_and_clip_agreement[missing_start]" time="0.445" /><testcase classname="tests.library_work_astra.test_phase3_acceptance3" name="test_as3_s16_real_coarse_clip_slices_are_valid_derivation" time="0.498" /><testcase classname="tests.library_work_astra.test_phase3_acceptance3" name="test_as3_s13_empty_registry_does_not_verify_executor_returned" time="0.467" /><testcase classname="tests.library_work_astra.test_phase3_acceptance3" name="test_as3_s14_two_service_instances_cannot_dispatch_one_start_twice" time="0.466" /><testcase classname="tests.library_work_astra.test_phase3_acceptance3" name="test_as3_s15_manual_waiter_reuses_standing_completion" time="0.699" /><testcase classname="tests.library_work_astra.test_phase3_acceptance3" name="test_as3_s15_podcast_publisher_checks_each_available_identity_field[feed_url-https://other.example/contradictory.xml]" time="0.147" /><testcase classname="tests.library_work_astra.test_phase3_acceptance3" name="test_as3_s15_podcast_publisher_checks_each_available_identity_field[guid-contradictory-guid]" time="0.139" /><testcase classname="tests.library_work_astra.test_phase3_acceptance4" name="test_as4_s13_terminal_job_does_not_override_child_liveness[alive]" time="0.451" /><testcase classname="tests.library_work_astra.test_phase3_acceptance4" name="test_as4_s13_terminal_job_does_not_override_child_liveness[unknown]" time="0.435" /><testcase classname="tests.library_work_astra.test_phase3_acceptance4" name="test_as4_s13_synchronous_return_does_not_prove_unknown_child_stopped" time="0.433" /><testcase classname="tests.library_work_astra.test_phase3_acceptance4" name="test_as4_s13_child_spawn_before_record_is_not_stopped" time="0.697" /><testcase classname="tests.library_work_astra.test_phase3_acceptance4" name="test_as4_s15_off_after_lock_releases_dispatcher_ownership" time="0.388" /><testcase classname="tests.library_work_astra.test_phase3_acceptance4" name="test_as4_s15_manual_wait_on_process_lock_reuses_completion" time="0.676" /><testcase classname="tests.library_work_astra.test_phase3_acceptance4" name="test_as4_s13_unclaimed_intent_keeps_charge_without_redispatch[current-uncertain]" time="0.408" /><testcase classname="tests.library_work_astra.test_phase3_acceptance4" name="test_as4_s13_unclaimed_intent_keeps_charge_without_redispatch[dead-failed]" time="0.427" /><testcase classname="tests.library_work_astra.test_phase3_acceptance4" name="test_as4_s16_local_recovery_uses_capture_lock_without_execution_claim" time="0.440" /><testcase classname="tests.library_work_astra.test_phase3_acceptance5" name="test_as5_s13_interruption_inside_popen_retains_launch_uncertainty" time="0.626" /><testcase classname="tests.library_work_astra.test_phase3_acceptance5" name="test_as5_s13_structurally_damaged_child_record_is_not_absence[missing_children]" time="0.377" /><testcase classname="tests.library_work_astra.test_phase3_acceptance5" name="test_as5_s13_structurally_damaged_child_record_is_not_absence[invalid_child]" time="0.381" /><testcase classname="tests.library_work_astra.test_phase3_acceptance5" name="test_as5_s13_structurally_damaged_child_record_is_not_absence[wrong_start]" time="0.378" /><testcase classname="tests.library_work_astra.test_phase3_acceptance5" name="test_as5_s13_child_record_write_failure_is_surfaced[intent]" time="0.624" /><testcase classname="tests.library_work_astra.test_phase3_acceptance5" name="test_as5_s13_child_record_write_failure_is_surfaced[registration]" time="0.602" /><testcase classname="tests.library_work_astra.test_phase3_acceptance5" name="test_as5_s15_worker_exit_retains_locks_while_child_unsettled[alive-youtube]" time="0.359" /><testcase classname="tests.library_work_astra.test_phase3_acceptance5" name="test_as5_s15_worker_exit_retains_locks_while_child_unsettled[alive-podcast_callback]" time="0.603" /><testcase classname="tests.library_work_astra.test_phase3_acceptance5" name="test_as5_s15_worker_exit_retains_locks_while_child_unsettled[unknown-youtube]" time="0.361" /><testcase classname="tests.library_work_astra.test_phase3_acceptance5" name="test_as5_s15_worker_exit_retains_locks_while_child_unsettled[unknown-podcast_callback]" time="0.616" /><testcase classname="tests.library_work_astra.test_phase3_acceptance5" name="test_as5_s15_reconciliation_settles_and_releases_retained_locks[absent]" time="0.374" /><testcase classname="tests.library_work_astra.test_phase3_acceptance5" name="test_as5_s15_reconciliation_settles_and_releases_retained_locks[complete]" time="0.368" /><testcase classname="tests.library_work_astra.test_phase3_acceptance5" name="test_as5_s15_manual_waiter_does_not_report_partial_capture_success[item_upsert]" time="0.592" /><testcase classname="tests.library_work_astra.test_phase3_acceptance5" name="test_as5_s15_manual_waiter_does_not_report_partial_capture_success[damaged_sidecar]" time="0.592" /><testcase classname="tests.library_work_astra.test_phase3_acceptance6" name="test_as6_s13_malformed_child_fields_cannot_certify_exit[boolean_exit]" time="0.365" /><testcase classname="tests.library_work_astra.test_phase3_acceptance6" name="test_as6_s13_malformed_child_fields_cannot_certify_exit[text_exit]" time="0.362" /><testcase classname="tests.library_work_astra.test_phase3_acceptance6" name="test_as6_s13_malformed_child_fields_cannot_certify_exit[missing_child_identity]" time="0.362" /><testcase classname="tests.library_work_astra.test_phase3_acceptance6" name="test_as6_s13_malformed_child_fields_cannot_certify_exit[invalid_launch_flag]" time="0.365" /><testcase classname="tests.library_work_astra.test_phase3_acceptance6" name="test_as6_s13_write_helpers_preserve_schema_invalid_child_evidence[record_child_launch_intent]" time="0.099" /><testcase classname="tests.library_work_astra.test_phase3_acceptance6" name="test_as6_s13_write_helpers_preserve_schema_invalid_child_evidence[record_child_start]" time="0.100" /><testcase classname="tests.library_work_astra.test_phase3_acceptance6" name="test_as6_s15_settlement_exception_retains_dispatcher_ownership[youtube]" time="0.365" /><testcase classname="tests.library_work_astra.test_phase3_acceptance6" name="test_as6_s15_settlement_exception_retains_dispatcher_ownership[podcast_callback]" time="0.649" /><testcase classname="tests.library_work_astra.test_phase3_acceptance6" name="test_as6_s15_stale_release_cannot_unlock_another_start" time="0.381" /><testcase classname="tests.library_work_astra.test_phase3_acceptance7" name="test_as7_supplied_manifest_matches_bytes[s20]" time="0.020" /><testcase classname="tests.library_work_astra.test_phase3_acceptance7" name="test_as7_supplied_manifest_matches_bytes[s21]" time="0.042" /><testcase classname="tests.library_work_astra.test_phase3_acceptance7" name="test_as7_c20_refresh_error_dump_matches_observed_screenshot" time="0.001" /><testcase classname="tests.library_work_astra.test_phase3_acceptance7" name="test_as7_c21_executed_launcher_bytes_are_retained" time="0.042" /><testcase classname="tests.library_work_astra.test_phase3_acceptance7" name="test_as7_c21_at6_receipt_records_process_exit_status" time="0.001"><failure message="AssertionError: ('Retained AT6 receipt has no explicit successful process exit status', {})&#10;assert ({})">tests\library_work_astra\test_phase3_acceptance7.py:83: in test_as7_c21_at6_receipt_records_process_exit_status
    assert exits and all(type(value) is int and value == 0 for value in exits.values()), (
E   AssertionError: ('Retained AT6 receipt has no explicit successful process exit status', {})
E   assert ({})</failure></testcase><testcase classname="tests.library_work_astra.test_phase3_acceptance7" name="test_as7_c21_all_at6_artifact_bytes_are_archived" time="0.025" /><testcase classname="tests.library_work_astra.test_phase3_acceptance7" name="test_as7_c21_browser_run_has_retained_receipt_and_database[at6-browser]" time="0.005" /><testcase classname="tests.library_work_astra.test_phase3_acceptance7" name="test_as7_c21_browser_run_has_retained_receipt_and_database[c21-pill-browser]" time="0.004" /><testcase classname="tests.library_work_astra.test_phase3_acceptance7" name="test_as7_c21_classification_does_not_claim_unapplied_shelving[waiting_for_client]" time="0.040" /><testcase classname="tests.library_work_astra.test_phase3_acceptance7" name="test_as7_c21_classification_does_not_claim_unapplied_shelving[accepted]" time="0.037" /><testcase classname="tests.library_work_astra.test_phase3_acceptance7" name="test_as7_c21_waiting_item_after_first_page_is_reachable" time="0.037" /><testcase classname="tests.library_work_astra.test_phase3_acceptance7" name="test_as7_c21_service_can_put_only_waiting_capture_on_page_two" time="0.579" /><testcase classname="tests.library_work_astra.test_phase3_acceptance8" name="test_as8_supplied_manifest_matches_bytes[s20]" time="0.019" /><testcase classname="tests.library_work_astra.test_phase3_acceptance8" name="test_as8_supplied_manifest_matches_bytes[s21]" time="0.047" /><testcase classname="tests.library_work_astra.test_phase3_acceptance8" name="test_as8_c20_refresh_error_frozen_pair_matches_observed_screenshot" time="0.001" /><testcase classname="tests.library_work_astra.test_phase3_acceptance8" name="test_as8_c21_executed_launcher_bytes_are_retained" time="0.001" /><testcase classname="tests.library_work_astra.test_phase3_acceptance8" name="test_as8_c21_run_record_records_process_exit_status" time="0.003" /><testcase classname="tests.library_work_astra.test_phase3_acceptance8" name="test_as8_c21_all_at7_artifact_bytes_are_archived" time="0.007" /><testcase classname="tests.library_work_astra.test_phase3_acceptance8" name="test_as8_c21_browser_run_has_retained_receipt_and_database" time="0.005" /><testcase classname="tests.library_work_astra.test_phase3_acceptance8" name="test_as8_c21_waiting_capture_is_reached_through_returned_cursor[automatic-page-two]" time="0.038" /><testcase classname="tests.library_work_astra.test_phase3_acceptance8" name="test_as8_c21_waiting_capture_is_reached_through_returned_cursor[load-more-page-nine]" time="0.038" /><testcase classname="tests.library_work_astra.test_phase3_acceptance8" name="test_as8_c21_accepted_classification_is_labelled_staged" time="0.038" /><testcase classname="tests.library_work_astra.test_phase3_acceptance9" name="test_as9_c21_ninth_artifact_is_the_receipt_hashed_server_log" time="0.001" /><testcase classname="tests.library_work_astra.test_phase3_concurrency" name="test_s04_on_restart_reserve_off_restart_fences_old_epoch" time="0.123" /><testcase classname="tests.library_work_astra.test_phase3_concurrency" name="test_s04_same_on_and_resume_never_refill_or_promote_off_observations" time="0.122" /><testcase classname="tests.library_work_astra.test_phase3_concurrency" name="test_s05_off_committed_on_other_connection_before_start_means_zero_dispatch" time="0.121" /><testcase classname="tests.library_work_astra.test_phase3_concurrency" name="test_s04_receipt_token_consent_and_releases_rollback_together" time="0.115" /><testcase classname="tests.library_work_astra.test_phase3_concurrency" name="test_s05_before_started_commit_holds_write_lock_and_has_no_side_effect" time="0.485" /><testcase classname="tests.library_work_astra.test_phase3_concurrency" name="test_s05_start_committed_before_off_can_finish_but_failure_cannot_retry[complete]" time="0.138" /><testcase classname="tests.library_work_astra.test_phase3_concurrency" name="test_s05_start_committed_before_off_can_finish_but_failure_cannot_retry[failure]" time="0.126" /><testcase classname="tests.library_work_astra.test_phase3_concurrency" name="test_s05_simultaneous_revocation_and_dispatch_only_admits_valid_outcomes" time="0.130" /><testcase classname="tests.library_work_astra.test_phase3_concurrency" name="test_s09_one_due_poll_across_tick_status_and_manual_refresh" time="0.114" /><testcase classname="tests.library_work_astra.test_phase3_concurrency" name="test_s09_expired_poll_owner_cannot_commit_late_result" time="0.112" /><testcase classname="tests.library_work_astra.test_phase3_concurrency" name="test_s09_consent_changed_during_poll_retains_metadata_without_enrollment" time="0.115" /><testcase classname="tests.library_work_astra.test_phase3_concurrency" name="test_s10_nine_charged_two_connections_race_last_slot_and_no_eleventh" time="0.225" /><testcase classname="tests.library_work_astra.test_phase3_concurrency" name="test_s09_s10_failure_exhaustion_does_not_suppress_detection" time="0.193" /><testcase classname="tests.library_work_astra.test_phase3_concurrency" name="test_s12_reservation_cannot_cross_utc_midnight[2026-09-07T23:59:59Z]" time="0.119" /><testcase classname="tests.library_work_astra.test_phase3_concurrency" name="test_s12_reservation_cannot_cross_utc_midnight[2026-03-08T23:59:59Z]" time="0.117" /><testcase classname="tests.library_work_astra.test_phase3_concurrency" name="test_s12_reservation_cannot_cross_utc_midnight[2026-11-01T23:59:59Z]" time="0.116" /><testcase classname="tests.library_work_astra.test_phase3_concurrency" name="test_s12_started_pipeline_crosses_midnight_without_second_charge" time="0.124" /><testcase classname="tests.library_work_astra.test_phase3_concurrency" name="test_s12_failed_retry_charges_its_actual_new_day" time="0.122" /><testcase classname="tests.library_work_astra.test_phase3_concurrency" name="test_s12_clock_rollback_blocks_starts_and_cannot_reuse_newer_day" time="0.131" /><testcase classname="tests.library_work_astra.test_phase3_harness" name="test_fixture_blocks_real_io[dns]" time="0.002" /><testcase classname="tests.library_work_astra.test_phase3_harness" name="test_fixture_blocks_real_io[connect]" time="0.001" /><testcase classname="tests.library_work_astra.test_phase3_harness" name="test_fixture_blocks_real_io[bind]" time="0.001" /><testcase classname="tests.library_work_astra.test_phase3_harness" name="test_fixture_blocks_real_io[subprocess]" time="0.001" /><testcase classname="tests.library_work_astra.test_phase3_harness" name="test_fixture_blocks_real_io[shell]" time="0.001" /><testcase classname="tests.library_work_astra.test_phase3_harness" name="test_fixture_blocks_real_io[outside-db]" time="0.002" /><testcase classname="tests.library_work_astra.test_phase3_harness" name="test_fixture_strict_integration_mode_does_not_skip" time="0.000" /><testcase classname="tests.library_work_astra.test_phase3_harness" name="test_fixture_clock_is_explicit_utc_even_on_dst_boundary" time="0.000" /><testcase classname="tests.library_work_astra.test_phase3_harness" name="test_fixture_adapter_copies_observations_and_never_dispatches" time="0.000" /><testcase classname="tests.library_work_astra.test_phase3_harness" name="test_fixture_two_connections_share_db_but_not_python_locks" time="0.277" /><testcase classname="tests.library_work_astra.test_phase3_harness" name="test_fixture_ledger_seed_matches_normative_ddl[reserved]" time="0.110" /><testcase classname="tests.library_work_astra.test_phase3_harness" name="test_fixture_ledger_seed_matches_normative_ddl[released]" time="0.110" /><testcase classname="tests.library_work_astra.test_phase3_harness" name="test_fixture_ledger_seed_matches_normative_ddl[started]" time="0.110" /><testcase classname="tests.library_work_astra.test_phase3_harness" name="test_fixture_ledger_seed_matches_normative_ddl[uncertain]" time="0.112" /><testcase classname="tests.library_work_astra.test_phase3_harness" name="test_fixture_ledger_seed_matches_normative_ddl[failed]" time="0.111" /><testcase classname="tests.library_work_astra.test_phase3_harness" name="test_fixture_ledger_seed_matches_normative_ddl[succeeded]" time="0.148" /><testcase classname="tests.library_work_astra.test_phase3_harness" name="test_fixture_queue_requires_transaction_and_visible_started_binding" time="0.127" /><testcase classname="tests.library_work_astra.test_phase3_harness" name="test_fixture_publication_prefixes_and_real_phase2_prepare" time="0.144" /><testcase classname="tests.library_work_astra.test_phase3_integration" name="test_s13_server_probe_does_not_infer_death_from_install_identity[None]" time="0.356" /><testcase classname="tests.library_work_astra.test_phase3_integration" name="test_s13_server_probe_does_not_infer_death_from_install_identity[queued]" time="0.361" /><testcase classname="tests.library_work_astra.test_phase3_integration" name="test_s13_server_probe_does_not_infer_death_from_install_identity[running]" time="0.362" /><testcase classname="tests.library_work_astra.test_phase3_integration" name="test_s09_server_tick_recovers_expired_poll_ownership" time="0.332" /><testcase classname="tests.library_work_astra.test_phase3_integration" name="test_s09_server_tick_does_not_expire_queued_polls_before_fetch" time="0.392" /><testcase classname="tests.library_work_astra.test_phase3_integration" name="test_s15_podcast_short_id_collision_is_visible_and_never_links" time="0.106" /><testcase classname="tests.library_work_astra.test_phase3_migration" name="test_s01_migration_executes_twice_through_real_runner[empty-27]" time="0.109" /><testcase classname="tests.library_work_astra.test_phase3_migration" name="test_s01_migration_executes_twice_through_real_runner[legacy-27]" time="0.117" /><testcase classname="tests.library_work_astra.test_phase3_migration" name="test_s01_failed_migration_rolls_back_and_can_retry" time="0.118" /><testcase classname="tests.library_work_astra.test_phase3_migration" name="test_s01_startup_legacy_import_preserves_first_receipt_and_cutover_hold" time="0.112" /><testcase classname="tests.library_work_astra.test_phase3_migration" name="test_s10_sql_rejects_slot_outside_ten[0]" time="0.097" /><testcase classname="tests.library_work_astra.test_phase3_migration" name="test_s10_sql_rejects_slot_outside_ten[11]" time="0.109" /><testcase classname="tests.library_work_astra.test_phase3_migration" name="test_s10_sql_rejects_slot_outside_ten[-1]" time="0.104" /><testcase classname="tests.library_work_astra.test_phase3_migration" name="test_s10_sql_occupied_slot_cannot_be_reused[reserved]" time="0.100" /><testcase classname="tests.library_work_astra.test_phase3_migration" name="test_s10_sql_occupied_slot_cannot_be_reused[started]" time="0.099" /><testcase classname="tests.library_work_astra.test_phase3_migration" name="test_s10_sql_occupied_slot_cannot_be_reused[uncertain]" time="0.097" /><testcase classname="tests.library_work_astra.test_phase3_migration" name="test_s10_sql_occupied_slot_cannot_be_reused[succeeded]" time="0.099" /><testcase classname="tests.library_work_astra.test_phase3_migration" name="test_s10_sql_occupied_slot_cannot_be_reused[failed]" time="0.098" /><testcase classname="tests.library_work_astra.test_phase3_migration" name="test_s10_sql_released_slot_reusable_and_second_source_independent" time="0.097" /><testcase classname="tests.library_work_astra.test_phase3_migration" name="test_s10_sql_one_active_pipeline_per_source[reserved]" time="0.098" /><testcase classname="tests.library_work_astra.test_phase3_migration" name="test_s10_sql_one_active_pipeline_per_source[started]" time="0.098" /><testcase classname="tests.library_work_astra.test_phase3_migration" name="test_s10_sql_one_active_pipeline_per_source[uncertain]" time="0.097" /><testcase classname="tests.library_work_astra.test_phase3_migration" name="test_s15_sql_global_key_owned_including_success[reserved]" time="0.099" /><testcase classname="tests.library_work_astra.test_phase3_migration" name="test_s15_sql_global_key_owned_including_success[started]" time="0.098" /><testcase classname="tests.library_work_astra.test_phase3_migration" name="test_s15_sql_global_key_owned_including_success[uncertain]" time="0.098" /><testcase classname="tests.library_work_astra.test_phase3_migration" name="test_s15_sql_global_key_owned_including_success[succeeded]" time="0.098" /><testcase classname="tests.library_work_astra.test_phase3_migration" name="test_s12_sql_rejects_invalid_dispatch_and_binding[change0]" time="0.098" /><testcase classname="tests.library_work_astra.test_phase3_migration" name="test_s12_sql_rejects_invalid_dispatch_and_binding[change1]" time="0.099" /><testcase classname="tests.library_work_astra.test_phase3_migration" name="test_s12_sql_rejects_invalid_dispatch_and_binding[change2]" time="0.098" /><testcase classname="tests.library_work_astra.test_phase3_migration" name="test_s12_sql_rejects_invalid_dispatch_and_binding[change3]" time="0.097" /><testcase classname="tests.library_work_astra.test_phase3_migration" name="test_s12_sql_rejects_invalid_dispatch_and_binding[change4]" time="0.102" /><testcase classname="tests.library_work_astra.test_phase3_migration" name="test_s12_sql_rejects_invalid_dispatch_and_binding[change5]" time="0.097" /><testcase classname="tests.library_work_astra.test_phase3_migration" name="test_s12_sql_rejects_invalid_dispatch_and_binding[change6]" time="0.101" /><testcase classname="tests.library_work_astra.test_phase3_migration" name="test_s12_sql_rejects_invalid_dispatch_and_binding[change7]" time="0.099" /><testcase classname="tests.library_work_astra.test_phase3_migration" name="test_s14_sql_backend_binding_and_source_item_fk" time="0.099" /><testcase classname="tests.library_work_astra.test_phase3_migration" name="test_registry_tool_schemas_match_frozen_contract" time="0.003" /><testcase classname="tests.library_work_astra.test_phase3_publication" name="test_s16_each_publication_prefix_waits_for_complete_evidence[corpus_file]" time="0.157" /><testcase classname="tests.library_work_astra.test_phase3_publication" name="test_s16_each_publication_prefix_waits_for_complete_evidence[sidecar]" time="0.162" /><testcase classname="tests.library_work_astra.test_phase3_publication" name="test_s16_each_publication_prefix_waits_for_complete_evidence[item_upsert]" time="0.248" /><testcase classname="tests.library_work_astra.test_phase3_publication" name="test_s16_each_publication_prefix_waits_for_complete_evidence[citations]" time="0.166" /><testcase classname="tests.library_work_astra.test_phase3_publication" name="test_s16_each_publication_prefix_waits_for_complete_evidence[clips]" time="0.164" /><testcase classname="tests.library_work_astra.test_phase3_publication" name="test_s16_each_publication_prefix_waits_for_complete_evidence[complete_publication]" time="0.162" /><testcase classname="tests.library_work_astra.test_phase3_publication" name="test_s16_real_podcast_upsert_crash_does_not_enqueue" time="0.160" /><testcase classname="tests.library_work_astra.test_phase3_publication" name="test_s16_outbox_write_failure_keeps_published_item_visible_and_repairs_once" time="0.216" /><testcase classname="tests.library_work_astra.test_phase3_publication" name="test_s16_crash_after_outbox_commit_replays_without_second_handoff" time="0.149" /><testcase classname="tests.library_work_astra.test_phase3_publication" name="test_s17_prepare_run_commit_before_ack_and_two_dispatcher_replay" time="0.161" /><testcase classname="tests.library_work_astra.test_phase3_publication" name="test_s17_conflicting_deterministic_run_is_blocked_not_adopted[video]" time="0.142" /><testcase classname="tests.library_work_astra.test_phase3_publication" name="test_s17_conflicting_deterministic_run_is_blocked_not_adopted[taxonomy]" time="0.148" /><testcase classname="tests.library_work_astra.test_phase3_publication" name="test_s17_conflicting_deterministic_run_is_blocked_not_adopted[prompt]" time="0.139" /><testcase classname="tests.library_work_astra.test_phase3_publication" name="test_s17_conflicting_deterministic_run_is_blocked_not_adopted[source_revision]" time="0.141" /><testcase classname="tests.library_work_astra.test_phase3_publication" name="test_s17_frozen_existing_manifest_is_unchanged_by_new_capture" time="0.148" /><testcase classname="tests.library_work_astra.test_phase3_recovery" name="test_s13_restart_after_reservation_commit_does_not_duplicate_or_charge[1000]" time="0.134" /><testcase classname="tests.library_work_astra.test_phase3_recovery" name="test_s13_restart_after_reservation_commit_does_not_duplicate_or_charge[120001]" time="0.124" /><testcase classname="tests.library_work_astra.test_phase3_recovery" name="test_s13_restart_after_started_commit_before_backend_ack_keeps_uncertain_charge" time="0.123" /><testcase classname="tests.library_work_astra.test_phase3_recovery" name="test_s13_surviving_or_unknown_worker_blocks_replacement_after_lease_expiry[unknown]" time="0.142" /><testcase classname="tests.library_work_astra.test_phase3_recovery" name="test_s13_surviving_or_unknown_worker_blocks_replacement_after_lease_expiry[alive]" time="0.145" /><testcase classname="tests.library_work_astra.test_phase3_recovery" name="test_s14_crash_between_queue_insert_and_binding_has_no_orphan_launch" time="0.131" /><testcase classname="tests.library_work_astra.test_phase3_recovery" name="test_s14_replayed_start_has_one_durable_job_and_one_actual_start" time="0.129" /><testcase classname="tests.library_work_astra.test_phase3_recovery" name="test_s14_obsolete_owner_cannot_dispatch_fail_or_publish_current_attempt" time="0.126" /><testcase classname="tests.library_work_astra.test_phase3_recovery" name="test_s14_late_callback_cannot_reset_terminal_row_or_mutate_new_attempt" time="0.125" /><testcase classname="tests.library_work_astra.test_phase3_recovery" name="test_s04_s13_restart_and_toggle_preserve_three_actual_attempt_limit" time="0.183" /><testcase classname="tests.library_work_astra.test_phase3_recovery" name="test_s15_same_video_channel_two_playlists_race_and_charge_only_winner" time="0.156" /><testcase classname="tests.library_work_astra.test_phase3_recovery" name="test_s15_preexisting_manual_capture_links_without_charge_or_new_handoff" time="0.120" /><testcase classname="tests.library_work_astra.test_phase3_recovery" name="test_s15_concurrent_manual_capture_lock_waits_then_links_without_charge" time="0.353" /><testcase classname="tests.library_work_astra.test_phase3_recovery" name="test_s15_deletion_archive_and_reregistration_preserve_tombstones[standing-success]" time="0.145" /><testcase classname="tests.library_work_astra.test_phase3_recovery" name="test_s15_deletion_archive_and_reregistration_preserve_tombstones[manual-no-ledger]" time="0.136" /><testcase classname="tests.library_work_astra.test_phase3_repairs" name="test_as2_s16_production_inspection_rejects_invalid_evidence[sidecar]" time="0.358" /><testcase classname="tests.library_work_astra.test_phase3_repairs" name="test_as2_s16_production_inspection_rejects_invalid_evidence[provenance]" time="0.349" /><testcase classname="tests.library_work_astra.test_phase3_repairs" name="test_as2_s16_production_inspection_rejects_invalid_evidence[timing]" time="0.364" /><testcase classname="tests.library_work_astra.test_phase3_repairs" name="test_as2_s16_production_inspection_rejects_invalid_evidence[clips]" time="0.357" /><testcase classname="tests.library_work_astra.test_phase3_repairs" name="test_as2_s16_timed_screenshot_does_not_get_the_no_timed_evidence_exception" time="0.358" /><testcase classname="tests.library_work_astra.test_phase3_repairs" name="test_as2_s13_publication_does_not_release_an_unknown_executor" time="0.357" /><testcase classname="tests.library_work_astra.test_phase3_repairs" name="test_as2_s13_empty_registry_does_not_verify_worker_finished_proof" time="0.351" /><testcase classname="tests.library_work_astra.test_phase3_repairs" name="test_as2_s13_duck_backend_fallback_does_not_certify_a_running_worker" time="0.118" /><testcase classname="tests.library_work_astra.test_phase3_repairs" name="test_as2_s14_terminal_start_payload_cannot_dispatch_again" time="0.349" /><testcase classname="tests.library_work_astra.test_phase3_repairs" name="test_as2_s15_lock_error_keeps_start_uncharged" time="0.354" /><testcase classname="tests.library_work_astra.test_phase3_repairs" name="test_as2_s16_recovery_reuses_valid_files_before_corpus_upsert" time="0.388" /><testcase classname="tests.library_work_astra.test_phase3_repairs" name="test_as2_s15_podcast_publisher_checks_reverse_legacy_episode_link" time="0.124" /></testsuite></testsuites>