<?xml version="1.0" encoding="utf-8"?><testsuites name="pytest tests"><testsuite name="pytest" errors="0" failures="1" skipped="0" tests="12" time="6.347" timestamp="2026-09-08T21:10:34.284772-07:00" hostname="Ryan-PC"><testcase classname="tests.test_phase4_av5m4b5_lifetime" name="test_unknown_writer_after_launcher_exit_is_retained" time="0.091" /><testcase classname="tests.test_phase4_av5m4b5_lifetime" name="test_destination_exclusion_survives_owning_thread_exit_before_lease" time="0.601" /><testcase classname="tests.test_phase4_av5m4b5_lifetime" name="test_destination_exclusion_survives_owning_thread_exit_after_lease" time="0.606" /><testcase classname="tests.test_phase4_av5m4b5_lifetime" name="test_startup_failure_keeps_exclusion_until_child_death" time="0.523" /><testcase classname="tests.test_phase4_av5m4b5_lifetime" name="test_helper_startup_failure_keeps_exclusion" time="0.516" /><testcase classname="tests.test_phase4_av5m4b5_lifetime" name="test_competitor_blocked_before_and_after_lease_then_released_on_death" time="1.213" /><testcase classname="tests.test_phase4_av5m4b5_lifetime" name="test_recycled_pid_is_not_terminated" time="0.000"><failure message="assert True is False&#10; +  where True = &lt;function _win_terminate_pid at 0x0000013BE1EC1B10&gt;(70412, created_ms=1)&#10; +    where &lt;function _win_terminate_pid at 0x0000013BE1EC1B10&gt; = mirror._win_terminate_pid&#10; +    and   70412 = &lt;built-in function getpid&gt;()&#10; +      where &lt;built-in function getpid&gt; = os.getpid">tests\test_phase4_av5m4b5_lifetime.py:274: in test_recycled_pid_is_not_terminated
    assert mirror._win_terminate_pid(os.getpid(), created_ms=1) is False
E   assert True is False
E    +  where True = &lt;function _win_terminate_pid at 0x0000013BE1EC1B10&gt;(70412, created_ms=1)
E    +    where &lt;function _win_terminate_pid at 0x0000013BE1EC1B10&gt; = mirror._win_terminate_pid
E    +    and   70412 = &lt;built-in function getpid&gt;()
E    +      where &lt;built-in function getpid&gt; = os.getpid</failure></testcase><testcase classname="tests.test_phase4_av5m4b5_lifetime" name="test_abandoned_flag_is_not_writer_death" time="0.584" /><testcase classname="tests.test_phase4_av5m4b5_lifetime" name="test_dest_aliases_share_exclusion_not_temp" time="0.688" /><testcase classname="tests.library_work_astra.test_phase4_aw9_acceptance" name="test_unknown_writer_after_launcher_exit_is_retained" time="0.077" /><testcase classname="tests.library_work_astra.test_phase4_aw9_acceptance" name="test_destination_exclusion_survives_owning_thread_exit_before_lease" time="0.596" /><testcase classname="tests.library_work_astra.test_phase4_aw9_startup_acceptance" name="test_startup_failure_keeps_exclusion_until_child_death" time="0.529" /></testsuite></testsuites>