<?xml version="1.0" encoding="utf-8"?><testsuites name="pytest tests"><testsuite name="pytest" errors="0" failures="0" skipped="0" tests="43" time="23.273" timestamp="2026-09-08T21:12:05.140251-07:00" hostname="Ryan-PC"><testcase classname="tests.test_phase4_av5m4b5_lifetime" name="test_unknown_writer_after_launcher_exit_is_retained" time="0.103" /><testcase classname="tests.test_phase4_av5m4b5_lifetime" name="test_destination_exclusion_survives_owning_thread_exit_before_lease" time="0.627" /><testcase classname="tests.test_phase4_av5m4b5_lifetime" name="test_destination_exclusion_survives_owning_thread_exit_after_lease" time="0.638" /><testcase classname="tests.test_phase4_av5m4b5_lifetime" name="test_startup_failure_keeps_exclusion_until_child_death" time="0.542" /><testcase classname="tests.test_phase4_av5m4b5_lifetime" name="test_helper_startup_failure_keeps_exclusion" time="0.544" /><testcase classname="tests.test_phase4_av5m4b5_lifetime" name="test_competitor_blocked_before_and_after_lease_then_released_on_death" time="1.256" /><testcase classname="tests.test_phase4_av5m4b5_lifetime" name="test_recycled_pid_is_not_terminated" time="0.000" /><testcase classname="tests.test_phase4_av5m4b5_lifetime" name="test_abandoned_flag_is_not_writer_death" time="0.637" /><testcase classname="tests.test_phase4_av5m4b5_lifetime" name="test_dest_aliases_share_exclusion_not_temp" time="0.736" /><testcase classname="tests.library_work_astra.test_phase4_aw9_acceptance" name="test_unknown_writer_after_launcher_exit_is_retained" time="0.081" /><testcase classname="tests.library_work_astra.test_phase4_aw9_acceptance" name="test_destination_exclusion_survives_owning_thread_exit_before_lease" time="0.620" /><testcase classname="tests.library_work_astra.test_phase4_aw9_startup_acceptance" name="test_startup_failure_keeps_exclusion_until_child_death" time="0.564" /><testcase classname="tests.test_phase4_av5m4b_lifetime" name="test_lease_and_lock_paths_ignore_temp_roots" time="0.004" /><testcase classname="tests.test_phase4_av5m4b_lifetime" name="test_job_assignment_failure_refuses_before_mutation" time="0.033" /><testcase classname="tests.test_phase4_av5m4b_lifetime" name="test_child_boundary_timeout_confirms_death_and_keeps_user_edit" time="1.392" /><testcase classname="tests.test_phase4_av5m4b_lifetime" name="test_timed_out_parent_cannot_use_later_resync_session" time="1.494" /><testcase classname="tests.test_phase4_av5m4b_lifetime" name="test_second_process_with_different_temp_root_is_excluded" time="1.439" /><testcase classname="tests.test_phase4_av5m4b_lifetime" name="test_corrupt_lease_does_not_grant_destination" time="0.964" /><testcase classname="tests.test_phase4_av5m4b_lifetime" name="test_inherited_deferred_read_transaction_does_not_roll_back_or_exclude" time="0.086" /><testcase classname="tests.test_phase4_av5m4b2_lifetime" name="test_deferred_read_with_foreign_writer_refuses_without_rollback" time="0.085" /><testcase classname="tests.test_phase4_av5m4b2_lifetime" name="test_write_transaction_is_reused_for_exclusion" time="0.076" /><testcase classname="tests.test_phase4_av5m4b2_lifetime" name="test_stalled_dest_lease_write_is_inside_cancellation" time="1.319" /><testcase classname="tests.test_phase4_av5m4b2_lifetime" name="test_late_intent_write_cannot_replace_newer_generation" time="0.212" /><testcase classname="tests.test_phase4_av5m4b2_lifetime" name="test_unknown_lease_liveness_refuses_destination" time="1.059" /><testcase classname="tests.test_phase4_av5m4b2_lifetime" name="test_lease_write_failure_after_startup_does_not_leak_child" time="0.870" /><testcase classname="tests.test_phase4_av5m4b2_lifetime" name="test_frozen_child_timeout_cannot_return_success" time="1.201" /><testcase classname="tests.test_phase4_av5m4b3_lifetime" name="test_unproven_inherited_transaction_refuses_without_rollback" time="0.076" /><testcase classname="tests.test_phase4_av5m4b3_lifetime" name="test_index_write_transaction_owner_is_bound_to_connection_and_thread" time="0.079" /><testcase classname="tests.test_phase4_av5m4b3_lifetime" name="test_late_atomic_local_cannot_finish_after_later_resync_owns_intent" time="0.185" /><testcase classname="tests.test_phase4_av5m4b3_lifetime" name="test_late_intent_unlink_cannot_finish_after_later_resync_owns_intent" time="0.243" /><testcase classname="tests.test_phase4_av5m4b3_lifetime" name="test_dead_bound_session_refuses_lease_write_before_destination" time="0.800" /><testcase classname="tests.test_phase4_av5m4b3_lifetime" name="test_real_child_stall_timeout_keeps_independent_user_edit" time="1.370" /><testcase classname="tests.test_phase4_av5m4b3_lifetime" name="test_parent_stub_timeout_is_a_separate_blocking_boundary" time="0.996" /><testcase classname="tests.test_phase4_av5m4b4_lifetime" name="test_unconfirmed_child_death_is_not_forgotten" time="0.075" /><testcase classname="tests.test_phase4_av5m4b4_lifetime" name="test_late_parent_refuses_dead_session_and_does_not_adopt_later" time="0.265" /><testcase classname="tests.test_phase4_av5m4b4_lifetime" name="test_inflight_isolated_intent_put_cannot_finish_after_writer_death" time="0.460" /><testcase classname="tests.test_phase4_av5m4b4_lifetime" name="test_ready_identifies_actual_writer_process" time="0.131" /><testcase classname="tests.test_phase4_av5m4b4_lifetime" name="test_dest_mutex_does_not_block_on_parent_realpath" time="0.002" /><testcase classname="tests.test_phase4_av5m4b4_lifetime" name="test_live_worker_without_lease_is_not_forgotten" time="0.176" /><testcase classname="tests.test_phase4_av5m4a3_identity" name="test_write_error_does_not_unlink_replacement_after_handle_close" time="0.003" /><testcase classname="tests.test_phase4_av5m4a3_identity" name="test_worker_replace_does_not_adopt_replaced_temp" time="0.114" /><testcase classname="tests.test_phase4_av5m4a3_identity" name="test_finally_cleanup_retains_intent_when_temp_name_changed_owners" time="0.958" /><testcase classname="tests.test_phase4_av5m4a3_identity" name="test_recorded_cleanup_still_preserves_same_byte_replacement" time="0.107" /></testsuite></testsuites>