<?xml version="1.0" encoding="utf-8"?><testsuites name="pytest tests"><testsuite name="pytest" errors="0" failures="0" skipped="0" tests="12" time="0.806" timestamp="2026-09-11T10:31:19.648027-07:00" hostname="Ryan-PC"><testcase classname="tests.test_dashboard_capture_outcomes" name="test_uncertain_ledger_is_visibly_uncertain" time="0.128" /><testcase classname="tests.test_dashboard_capture_outcomes" name="test_unstarted_block_is_not_a_failed_capture" time="0.118" /><testcase classname="tests.test_dashboard_capture_outcomes" name="test_renderer_uses_latest_outcome_not_historical_count[idle-idle]" time="0.036" /><testcase classname="tests.test_dashboard_capture_outcomes" name="test_renderer_uses_latest_outcome_not_historical_count[released-reservation released]" time="0.034" /><testcase classname="tests.test_dashboard_capture_outcomes" name="test_renderer_uses_latest_outcome_not_historical_count[succeeded-completed]" time="0.033" /><testcase classname="tests.test_dashboard_capture_outcomes" name="test_renderer_uses_latest_outcome_not_historical_count[archived-archived]" time="0.036" /><testcase classname="tests.test_dashboard_capture_outcomes" name="test_renderer_uses_latest_outcome_not_historical_count[uncertain-uncertain]" time="0.035" /><testcase classname="tests.test_dashboard_capture_outcomes" name="test_renderer_uses_latest_outcome_not_historical_count[blocked-waiting]" time="0.035" /><testcase classname="tests.test_dashboard_capture_outcomes" name="test_renderer_uses_latest_outcome_not_historical_count[settled_failed-settled failed]" time="0.035" /><testcase classname="tests.test_dashboard_capture_outcomes" name="test_renderer_uses_latest_outcome_not_historical_count[in_flight-in-flight]" time="0.036" /><testcase classname="tests.test_dashboard_capture_outcomes" name="test_actual_renderer_escapes_recovery_fields" time="0.036" /><testcase classname="tests.test_dashboard_capture_outcomes" name="test_consent_off_does_not_hide_uncertain_drain" time="0.036" /></testsuite></testsuites>