<?xml version="1.0" encoding="utf-8"?><testsuites name="pytest tests"><testsuite name="pytest" errors="0" failures="0" skipped="0" tests="24" time="22.733" timestamp="2026-09-08T21:55:34.057288-07:00" hostname="Ryan-PC"><testcase classname="tests.test_phase4_av5m4b6_lifetime" name="test_junction_competitor_process_refuses_before_first_lease" time="3.244" /><testcase classname="tests.test_phase4_av5m4b6_lifetime" name="test_same_process_foreign_thread_refuses_target_and_junction" time="4.384" /><testcase classname="tests.test_phase4_av5m4b6_lifetime" name="test_unrelated_destination_serializes_on_shared_gate" time="2.960" /><testcase classname="tests.test_phase4_av5m4b6_lifetime" name="test_helper_refuses_replacement_while_launching_or_live" time="0.156" /><testcase classname="tests.test_phase4_av5m4b6_lifetime" name="test_same_thread_nonrecursion_uses_gate_identity" time="0.002" /><testcase classname="tests.test_phase4_av5m4b6_lifetime" name="test_session_dest_token_independent_of_gate_key" time="0.159" /><testcase classname="tests.test_phase4_av5m4b6_lifetime" name="test_unknown_liveness_keeps_gate_proven_death_releases" time="2.799" /><testcase classname="tests.library_work_astra.test_phase4_aw10_acceptance" name="test_junction_alias_refuses_competing_session_before_first_lease" time="2.557" /><testcase classname="tests.test_phase4_av5m4b5_lifetime" name="test_unknown_writer_after_launcher_exit_is_retained" time="0.072" /><testcase classname="tests.test_phase4_av5m4b5_lifetime" name="test_destination_exclusion_survives_owning_thread_exit_before_lease" time="0.595" /><testcase classname="tests.test_phase4_av5m4b5_lifetime" name="test_destination_exclusion_survives_owning_thread_exit_after_lease" time="0.618" /><testcase classname="tests.test_phase4_av5m4b5_lifetime" name="test_startup_failure_keeps_exclusion_until_child_death" time="0.542" /><testcase classname="tests.test_phase4_av5m4b5_lifetime" name="test_helper_startup_failure_keeps_exclusion" time="0.545" /><testcase classname="tests.test_phase4_av5m4b5_lifetime" name="test_competitor_blocked_before_and_after_lease_then_released_on_death" time="1.238" /><testcase classname="tests.test_phase4_av5m4b5_lifetime" name="test_recycled_pid_is_not_terminated" time="0.000" /><testcase classname="tests.test_phase4_av5m4b5_lifetime" name="test_abandoned_flag_is_not_writer_death" time="0.594" /><testcase classname="tests.test_phase4_av5m4b5_lifetime" name="test_dest_aliases_share_exclusion_not_temp" time="0.715" /><testcase classname="tests.test_phase4_av5m4b4_lifetime" name="test_unconfirmed_child_death_is_not_forgotten" time="0.076" /><testcase classname="tests.test_phase4_av5m4b4_lifetime" name="test_late_parent_refuses_dead_session_and_does_not_adopt_later" time="0.234" /><testcase classname="tests.test_phase4_av5m4b4_lifetime" name="test_inflight_isolated_intent_put_cannot_finish_after_writer_death" time="0.435" /><testcase classname="tests.test_phase4_av5m4b4_lifetime" name="test_ready_identifies_actual_writer_process" time="0.092" /><testcase classname="tests.test_phase4_av5m4b4_lifetime" name="test_dest_mutex_does_not_block_on_parent_realpath" time="0.001" /><testcase classname="tests.test_phase4_av5m4b4_lifetime" name="test_live_worker_without_lease_is_not_forgotten" time="0.154" /><testcase classname="tests.library_work_astra.test_phase4_aw_acceptance" name="test_destination_lock_is_shared_across_local_ledgers" time="0.136" /></testsuite></testsuites>