<?xml version="1.0" encoding="utf-8"?><testsuites name="pytest tests"><testsuite name="pytest" errors="0" failures="3" skipped="0" tests="27" time="31.806" timestamp="2026-09-08T22:03:36.030440-07:00" hostname="Ryan-PC"><testcase classname="tests.test_phase4_av5m4b6_lifetime" name="test_junction_competitor_process_refuses_before_first_lease" time="3.293" /><testcase classname="tests.test_phase4_av5m4b6_lifetime" name="test_same_process_foreign_thread_refuses_target_and_junction" time="4.371" /><testcase classname="tests.test_phase4_av5m4b6_lifetime" name="test_unrelated_destination_serializes_on_shared_gate" time="2.941" /><testcase classname="tests.test_phase4_av5m4b6_lifetime" name="test_helper_refuses_replacement_while_launching_or_live" time="0.152" /><testcase classname="tests.test_phase4_av5m4b6_lifetime" name="test_same_thread_nonrecursion_uses_gate_identity" time="0.002" /><testcase classname="tests.test_phase4_av5m4b6_lifetime" name="test_session_dest_token_independent_of_gate_key" time="0.157" /><testcase classname="tests.test_phase4_av5m4b6_lifetime" name="test_unknown_liveness_keeps_gate_proven_death_releases" time="2.760" /><testcase classname="tests.library_work_astra.test_phase4_aw10_acceptance" name="test_junction_alias_refuses_competing_session_before_first_lease" time="2.555" /><testcase classname="tests.test_phase4_av5m4b5_lifetime" name="test_unknown_writer_after_launcher_exit_is_retained" time="0.073" /><testcase classname="tests.test_phase4_av5m4b5_lifetime" name="test_destination_exclusion_survives_owning_thread_exit_before_lease" time="0.594" /><testcase classname="tests.test_phase4_av5m4b5_lifetime" name="test_destination_exclusion_survives_owning_thread_exit_after_lease" time="0.589" /><testcase classname="tests.test_phase4_av5m4b5_lifetime" name="test_startup_failure_keeps_exclusion_until_child_death" time="0.526" /><testcase classname="tests.test_phase4_av5m4b5_lifetime" name="test_helper_startup_failure_keeps_exclusion" time="0.542" /><testcase classname="tests.test_phase4_av5m4b5_lifetime" name="test_competitor_blocked_before_and_after_lease_then_released_on_death" time="1.174" /><testcase classname="tests.test_phase4_av5m4b5_lifetime" name="test_recycled_pid_is_not_terminated" time="0.000" /><testcase classname="tests.test_phase4_av5m4b5_lifetime" name="test_abandoned_flag_is_not_writer_death" time="0.594" /><testcase classname="tests.test_phase4_av5m4b5_lifetime" name="test_dest_aliases_share_exclusion_not_temp" time="0.683" /><testcase classname="tests.test_phase4_av5m4b4_lifetime" name="test_unconfirmed_child_death_is_not_forgotten" time="0.073" /><testcase classname="tests.test_phase4_av5m4b4_lifetime" name="test_late_parent_refuses_dead_session_and_does_not_adopt_later" time="0.245" /><testcase classname="tests.test_phase4_av5m4b4_lifetime" name="test_inflight_isolated_intent_put_cannot_finish_after_writer_death" time="0.433" /><testcase classname="tests.test_phase4_av5m4b4_lifetime" name="test_ready_identifies_actual_writer_process" time="0.095" /><testcase classname="tests.test_phase4_av5m4b4_lifetime" name="test_dest_mutex_does_not_block_on_parent_realpath" time="0.001" /><testcase classname="tests.test_phase4_av5m4b4_lifetime" name="test_live_worker_without_lease_is_not_forgotten" time="0.154" /><testcase classname="tests.library_work_astra.test_phase4_aw_acceptance" name="test_destination_lock_is_shared_across_local_ledgers" time="0.130" /><testcase classname="tests.library_work_astra.test_phase4_aw4_acceptance" name="test_aw4_temp_cleanup_preserves_same_content_replacement_file" time="2.596"><failure message="OSError: destination exclusion unavailable">library_mirror.py:1212: in _exclusion_for_dest
    return _acquire_dest_exclusion(dest, timeout)
           ^^^^^^^^^^^^^^^^^^^^^^^^^^^^^^^^^^^^^^
library_mirror.py:1167: in _acquire_dest_exclusion
    owner.start_wait()
library_mirror.py:1021: in start_wait
    raise self._error
library_mirror.py:1080: in _run
    handle, key, abandoned = _win_acquire_dest_mutex_result(
library_mirror.py:953: in _win_acquire_dest_mutex_result
    raise _LockTimeout()
E   library_mirror._LockTimeout

The above exception was the direct cause of the following exception:
tests\library_work_astra\test_phase4_aw4_acceptance.py:53: in test_aw4_temp_cleanup_preserves_same_content_replacement_file
    env.mirror._record_allocated_temp(mirror.item_key("a"), str(allocated.relative_to(uoink)), digest)
library_mirror.py:3855: in _record_allocated_temp
    self._write_intent(key, intent)
library_mirror.py:2759: in _write_intent
    self._atomic_local(path, json.dumps(payload, ensure_ascii=False, sort_keys=True).encode("utf-8"))
library_mirror.py:2723: in _atomic_local
    _with_isolated_lease_session(
library_mirror.py:756: in _with_isolated_lease_session
    session = _VaultIoSession.start(dest)
              ^^^^^^^^^^^^^^^^^^^^^^^^^^^
library_mirror.py:1469: in start
    session = cls.prepare(dest)
              ^^^^^^^^^^^^^^^^^
library_mirror.py:1459: in prepare
    owner = _exclusion_for_dest(dest, _WORKER_STARTUP_S)
            ^^^^^^^^^^^^^^^^^^^^^^^^^^^^^^^^^^^^^^^^^^^^
library_mirror.py:1214: in _exclusion_for_dest
    raise OSError("destination exclusion unavailable") from exc
E   OSError: destination exclusion unavailable</failure></testcase><testcase classname="tests.test_phase4_av5m3_isolation" name="test_recorded_temp_hash_does_not_delete_user_bytes" time="2.635"><failure message="OSError: destination exclusion unavailable">library_mirror.py:1212: in _exclusion_for_dest
    return _acquire_dest_exclusion(dest, timeout)
           ^^^^^^^^^^^^^^^^^^^^^^^^^^^^^^^^^^^^^^
library_mirror.py:1167: in _acquire_dest_exclusion
    owner.start_wait()
library_mirror.py:1021: in start_wait
    raise self._error
library_mirror.py:1080: in _run
    handle, key, abandoned = _win_acquire_dest_mutex_result(
library_mirror.py:953: in _win_acquire_dest_mutex_result
    raise _LockTimeout()
E   library_mirror._LockTimeout

The above exception was the direct cause of the following exception:
tests\test_phase4_av5m3_isolation.py:136: in test_recorded_temp_hash_does_not_delete_user_bytes
    env.mirror._record_allocated_temp(mirror.item_key("a"), str(owned.relative_to(uoink)), digest)
library_mirror.py:3855: in _record_allocated_temp
    self._write_intent(key, intent)
library_mirror.py:2759: in _write_intent
    self._atomic_local(path, json.dumps(payload, ensure_ascii=False, sort_keys=True).encode("utf-8"))
library_mirror.py:2723: in _atomic_local
    _with_isolated_lease_session(
library_mirror.py:756: in _with_isolated_lease_session
    session = _VaultIoSession.start(dest)
              ^^^^^^^^^^^^^^^^^^^^^^^^^^^
library_mirror.py:1469: in start
    session = cls.prepare(dest)
              ^^^^^^^^^^^^^^^^^
library_mirror.py:1459: in prepare
    owner = _exclusion_for_dest(dest, _WORKER_STARTUP_S)
            ^^^^^^^^^^^^^^^^^^^^^^^^^^^^^^^^^^^^^^^^^^^^
library_mirror.py:1214: in _exclusion_for_dest
    raise OSError("destination exclusion unavailable") from exc
E   OSError: destination exclusion unavailable</failure></testcase><testcase classname="tests.test_phase4_av5m3_isolation" name="test_failed_replace_retains_temp_generation" time="3.085"><failure message="OSError: destination exclusion unavailable">library_mirror.py:1212: in _exclusion_for_dest
    return _acquire_dest_exclusion(dest, timeout)
           ^^^^^^^^^^^^^^^^^^^^^^^^^^^^^^^^^^^^^^
library_mirror.py:1167: in _acquire_dest_exclusion
    owner.start_wait()
library_mirror.py:1021: in start_wait
    raise self._error
library_mirror.py:1080: in _run
    handle, key, abandoned = _win_acquire_dest_mutex_result(
library_mirror.py:953: in _win_acquire_dest_mutex_result
    raise _LockTimeout()
E   library_mirror._LockTimeout

The above exception was the direct cause of the following exception:
tests\test_phase4_av5m3_isolation.py:184: in test_failed_replace_retains_temp_generation
    env.mirror._cleanup_owned_temps(uoink, {}, {})
library_mirror.py:3885: in _cleanup_owned_temps
    self._write_intent(key, intent)
library_mirror.py:2759: in _write_intent
    self._atomic_local(path, json.dumps(payload, ensure_ascii=False, sort_keys=True).encode("utf-8"))
library_mirror.py:2723: in _atomic_local
    _with_isolated_lease_session(
library_mirror.py:756: in _with_isolated_lease_session
    session = _VaultIoSession.start(dest)
              ^^^^^^^^^^^^^^^^^^^^^^^^^^^
library_mirror.py:1469: in start
    session = cls.prepare(dest)
              ^^^^^^^^^^^^^^^^^
library_mirror.py:1459: in prepare
    owner = _exclusion_for_dest(dest, _WORKER_STARTUP_S)
            ^^^^^^^^^^^^^^^^^^^^^^^^^^^^^^^^^^^^^^^^^^^^
library_mirror.py:1214: in _exclusion_for_dest
    raise OSError("destination exclusion unavailable") from exc
E   OSError: destination exclusion unavailable</failure></testcase></testsuite></testsuites>